2025-01-31 18:36:06,059 - INFO - Logging configuration complete.
2025-01-31 18:36:06,059 - INFO - Current working directory: S:\Documents\School\WGU\C964 - Capstone\Project
2025-01-31 18:36:06,060 - INFO - Downloading OHLC data for the past 30 days...
2025-01-31 18:36:06,060 - INFO - Data recently fetched. Skipping download.
2025-01-31 18:36:06,062 - INFO - Home tab loaded.
2025-01-31 18:36:06,063 - INFO - Calculating moving averages...
2025-01-31 18:36:06,310 - INFO - Calculating average prices by day of the week...
2025-01-31 18:36:06,479 - INFO - Downloading blockchain metrics...
2025-01-31 18:36:06,479 - INFO - Data recently fetched. Skipping download.
2025-01-31 18:36:06,493 - INFO - About tab loaded.
2025-01-31 18:36:17,463 - INFO - Logging configuration complete.
2025-01-31 18:36:17,464 - INFO - Current working directory: S:\Documents\School\WGU\C964 - Capstone\Project
2025-01-31 18:36:17,464 - INFO - Downloading OHLC data for the past 30 days...
2025-01-31 18:36:17,465 - INFO - Data recently fetched. Skipping download.
2025-01-31 18:36:17,467 - INFO - Home tab loaded.
2025-01-31 18:36:17,468 - INFO - Calculating moving averages...
2025-01-31 18:36:17,682 - INFO - Calculating average prices by day of the week...
2025-01-31 18:36:17,844 - INFO - Downloading blockchain metrics...
2025-01-31 18:36:17,845 - INFO - Data recently fetched. Skipping download.
2025-01-31 18:36:17,856 - INFO - Downloading OHLC data for the past 30 days...
2025-01-31 18:36:17,857 - INFO - Data recently fetched. Skipping download.
2025-01-31 18:36:17,858 - INFO - Calculating daily averages...
2025-01-31 18:36:17,872 - INFO - Running OHLC prediction...
2025-01-31 18:36:17,880 - INFO - Model Mean Squared Error: 513028.4843
2025-01-31 18:36:17,977 - INFO - Running LSTM prediction...
2025-01-31 18:36:23,209 - INFO - About tab loaded.
2025-01-31 18:39:49,193 - INFO - Logging configuration complete.
2025-01-31 18:44:18,406 - INFO - Logging configuration complete.
2025-01-31 18:44:18,414 - INFO - Plotting market trends...
2025-01-31 18:44:25,020 - INFO - Plotting rolling statistics...
2025-01-31 18:44:28,261 - INFO - Preparing data for LSTM model...
2025-01-31 18:44:28,264 - INFO - Data preparation for LSTM complete.
2025-01-31 18:44:28,264 - INFO - Building LSTM model...
2025-01-31 18:44:28,345 - INFO - LSTM model built and compiled.
2025-01-31 18:44:32,931 - INFO - Evaluating LSTM model...
2025-01-31 18:44:33,234 - INFO - Model evaluation complete. MAE: 0.00, RMSE: 0.00
2025-01-31 18:52:14,401 - INFO - Logging configuration complete.
2025-01-31 18:52:14,403 - INFO - Logging configuration complete.
2025-01-31 18:52:14,404 - INFO - Current working directory: S:\Documents\School\WGU\C964 - Capstone\Project
2025-01-31 18:52:14,404 - INFO - Downloading OHLC data for the past 30 days...
2025-01-31 18:52:14,404 - INFO - Data recently fetched. Skipping download.
2025-01-31 18:52:14,407 - INFO - Home tab loaded.
2025-01-31 18:52:14,409 - INFO - Calculating moving averages...
2025-01-31 18:52:14,655 - INFO - Calculating average prices by day of the week...
2025-01-31 18:52:14,860 - INFO - Downloading blockchain metrics...
2025-01-31 18:52:14,861 - INFO - Data recently fetched. Skipping download.
2025-01-31 18:52:14,882 - INFO - About tab loaded.
2025-01-31 19:12:27,935 - INFO - Logging configuration complete.
2025-01-31 19:12:27,938 - INFO - Logging configuration complete.
2025-01-31 19:12:27,939 - INFO - Current working directory: S:\Documents\School\WGU\C964 - Capstone\Project
2025-01-31 19:12:27,939 - INFO - Downloading OHLC data for the past 30 days...
2025-01-31 19:12:27,940 - INFO - Starting OHLC data download for bitcoin for the past 30 days.
2025-01-31 19:12:27,941 - INFO - Data recently fetched. Skipping download.
2025-01-31 19:12:27,944 - INFO - Home tab loaded.
2025-01-31 19:12:27,945 - INFO - Calculating moving averages...
2025-01-31 19:12:28,149 - INFO - Calculating average prices by day of the week...
2025-01-31 19:12:28,310 - INFO - Downloading blockchain metrics...
2025-01-31 19:12:28,310 - INFO - Starting blockchain metrics download.
2025-01-31 19:12:28,311 - INFO - Data recently fetched. Skipping download.
2025-01-31 19:12:28,323 - INFO - About tab loaded.
2025-01-31 19:16:42,750 - INFO - Logging configuration complete.
2025-01-31 19:16:42,750 - INFO - Current working directory: S:\Documents\School\WGU\C964 - Capstone\Project
2025-01-31 19:16:42,750 - INFO - Downloading OHLC data for the past 30 days...
2025-01-31 19:16:42,751 - INFO - Starting OHLC data download for bitcoin for the past 30 days.
2025-01-31 19:16:42,751 - INFO - Data recently fetched. Skipping download.
2025-01-31 19:16:42,754 - INFO - Home tab loaded.
2025-01-31 19:16:42,756 - INFO - Calculating moving averages...
2025-01-31 19:16:43,045 - INFO - Calculating average prices by day of the week...
2025-01-31 19:16:43,331 - INFO - Downloading blockchain metrics...
2025-01-31 19:16:43,332 - INFO - Starting blockchain metrics download.
2025-01-31 19:16:43,332 - INFO - Data recently fetched. Skipping download.
2025-01-31 19:16:43,354 - INFO - About tab loaded.
2025-01-31 19:18:56,572 - INFO - Logging configuration complete.
2025-01-31 19:18:56,572 - INFO - Current working directory: S:\Documents\School\WGU\C964 - Capstone\Project
2025-01-31 19:18:56,573 - INFO - Downloading OHLC data for the past 30 days...
2025-01-31 19:18:56,573 - INFO - Starting OHLC data download for bitcoin for the past 30 days.
2025-01-31 19:18:56,574 - INFO - Data recently fetched. Skipping download.
2025-01-31 19:18:56,575 - INFO - Home tab loaded.
2025-01-31 19:18:56,577 - INFO - Calculating moving averages...
2025-01-31 19:18:56,849 - INFO - Calculating average prices by day of the week...
2025-01-31 19:18:57,067 - INFO - Downloading blockchain metrics...
2025-01-31 19:18:57,067 - INFO - Starting blockchain metrics download.
2025-01-31 19:18:57,068 - INFO - Data recently fetched. Skipping download.
2025-01-31 19:18:57,086 - INFO - About tab loaded.
